#
# There is insufficient memory for the Java Runtime Environment to continue.
# Native memory allocation (mmap) failed to map 130023424 bytes for G1 virtual space
# Possible reasons:
#   The system is out of physical RAM or swap space
#   The process is running with CompressedOops enabled, and the Java Heap may be blocking the growth of the native heap
# Possible solutions:
#   Reduce memory load on the system
#   Increase physical memory or swap space
#   Check if swap backing store is full
#   Decrease Java heap size (-Xmx/-Xms)
#   Decrease number of Java threads
#   Decrease Java thread stack sizes (-Xss)
#   Set larger code cache with -XX:ReservedCodeCacheSize=
#   JVM is running with Unscaled Compressed Oops mode in which the Java heap is
#     placed in the first 4GB address space. The Java Heap base address is the
#     maximum limit for the native heap growth. Please use -XX:HeapBaseMinAddress
#     to set the Java Heap base and to place the Java Heap above 4GB virtual address.
# This output file may be truncated or incomplete.
#
#  Out of Memory Error (./open/src/hotspot/os/windows/os_windows.cpp:3321), pid=9328, tid=4624
#
# JRE version:  (15.0.2+7) (build )
# Java VM: Java HotSpot(TM) 64-Bit Server VM (15.0.2+7-27, mixed mode, sharing, tiered, compressed oops, g1 gc, windows-amd64)
# No core dump will be written. Minidumps are not enabled by default on client versions of Windows
#

---------------  S U M M A R Y ------------

Command Line: -Dcom.sun.management.jmxremote -Dcom.sun.management.jmxremote.port=51587 -Dcom.sun.management.jmxremote.authenticate=false -Dcom.sun.management.jmxremote.ssl=false -Djava.rmi.server.hostname=localhost -Dspring.jmx.enabled=true -Dspring.application.admin.enabled=true -XX:TieredStopAtLevel=1 -Dspring.boot.project.name=LibrarySystem_Backend -Dfile.encoding=Cp1252 -XX:+ShowCodeDetailsInExceptionMessages ca.mcgill.ecse321.librarysystem.LibrarySystemApplication

Host: Intel(R) Core(TM) i5-5300U CPU @ 2.30GHz, 4 cores, 7G,  Windows 10 , 64 bit Build 19041 (10.0.19041.1348)
Time: Sun Nov 28 22:07:47 2021 Eastern Standard Time elapsed time: 0.036533 seconds (0d 0h 0m 0s)

---------------  T H R E A D  ---------------

Current thread (0x00000225391f46b0):  JavaThread "Unknown thread" [_thread_in_vm, id=4624, stack(0x0000005066a00000,0x0000005066b00000)]

Stack: [0x0000005066a00000,0x0000005066b00000]
Native frames: (J=compiled Java code, j=interpreted, Vv=VM code, C=native code)
V  [jvm.dll+0x62ae9a]
V  [jvm.dll+0x7817a9]
V  [jvm.dll+0x782f03]
V  [jvm.dll+0x783563]
V  [jvm.dll+0x216325]
V  [jvm.dll+0x6281d9]
V  [jvm.dll+0x61cf55]
V  [jvm.dll+0x2cffdd]
V  [jvm.dll+0x2cfe42]
V  [jvm.dll+0x2d5e1c]
V  [jvm.dll+0x32590a]
V  [jvm.dll+0x324fd4]
V  [jvm.dll+0x2a6f5a]
V  [jvm.dll+0x2a80f8]
V  [jvm.dll+0x75e241]
V  [jvm.dll+0x3341c4]
V  [jvm.dll+0x73e926]
V  [jvm.dll+0x3b7557]
V  [jvm.dll+0x3b8fe1]
C  [jli.dll+0x52fb]
C  [ucrtbase.dll+0x21bb2]
C  [KERNEL32.DLL+0x17034]
C  [ntdll.dll+0x52651]


---------------  P R O C E S S  ---------------

Threads class SMR info:
_java_thread_list=0x00007ffe711f4ff0, length=0, elements={
}

Java Threads: ( => current thread )

Other Threads:
  0x0000022539233bb0 GCTaskThread "GC Thread#0" [stack: 0x0000005066b00000,0x0000005066c00000] [id=4340]
  0x0000022539244bf0 ConcurrentGCThread "G1 Main Marker" [stack: 0x0000005066c00000,0x0000005066d00000] [id=12584]
  0x0000022539246780 ConcurrentGCThread "G1 Conc#0" [stack: 0x0000005066d00000,0x0000005066e00000] [id=3364]

[error occurred during error reporting (printing all threads), id 0xc0000005, EXCEPTION_ACCESS_VIOLATION (0xc0000005) at pc=0x00007ffe709e7e27]

VM state: not at safepoint (not fully initialized)

VM Mutex/Monitor currently owned by a thread:  ([mutex/lock_event])
[0x00000225391f0f50] Heap_lock - owner thread: 0x00000225391f46b0

Heap address: 0x0000000084a00000, size: 1974 MB, Compressed Oops mode: 32-bit
CDS archive(s) mapped at: [0x0000000000000000-0x0000000000000000-0x0000000000000000), size 0, SharedBaseAddress: 0x0000000800000000, ArchiveRelocationMode: 0.
Narrow klass base: 0x0000000000000000, Narrow klass shift: 0, Narrow klass range: 0x0

Heap:
 garbage-first heap   total 126976K, used 0K [0x0000000084a00000, 0x0000000100000000)
  region size 1024K, 0 young (0K), 0 survivors (0K)
 Metaspace       used 0K, capacity 0K, committed 0K, reserved 0K
  class space    used 0K, capacity 0K, committed 0K, reserved 0K

Heap Regions: E=young(eden), S=young(survivor), O=old, HS=humongous(starts), HC=humongous(continues), CS=collection set, F=free, OA=open archive, CA=closed archive, TAMS=top-at-mark-start (previous, next)

Card table byte_map: [0x0000022550800000,0x0000022550be0000] _byte_map_base: 0x00000225503db000

Marking Bits (Prev, Next): (CMBitMap*) 0x0000022539234330, (CMBitMap*) 0x0000022539234370
 Prev Bits: [0x0000022550fc0000, 0x0000022552e98000)
 Next Bits: [0x0000022552ea0000, 0x0000022554d78000)

GC Heap History (0 events):
No events

Deoptimization events (0 events):
No events

Classes unloaded (0 events):
No events

Classes redefined (0 events):
No events

Internal exceptions (0 events):
No events

Events (1 events):
Event: 0.007 Loaded shared library C:\Program Files\Java\jdk-15.0.2\bin\java.dll


Dynamic libraries:
0x00007ff71dd70000 - 0x00007ff71dd7f000 	C:\Program Files\Java\jdk-15.0.2\bin\javaw.exe
0x00007ffeb0c50000 - 0x00007ffeb0e45000 	C:\WINDOWS\SYSTEM32\ntdll.dll
0x00007ffeafb00000 - 0x00007ffeafbbe000 	C:\WINDOWS\System32\KERNEL32.DLL
0x00007ffeae650000 - 0x00007ffeae918000 	C:\WINDOWS\System32\KERNELBASE.dll
0x00007ffeae9a0000 - 0x00007ffeaeaa0000 	C:\WINDOWS\System32\ucrtbase.dll
0x00007ffe9ba50000 - 0x00007ffe9ba69000 	C:\Program Files\Java\jdk-15.0.2\bin\VCRUNTIME140.dll
0x00007ffe9ba70000 - 0x00007ffe9ba88000 	C:\Program Files\Java\jdk-15.0.2\bin\jli.dll
0x00007ffeaf970000 - 0x00007ffeafa1c000 	C:\WINDOWS\System32\ADVAPI32.dll
0x00007ffeb0400000 - 0x00007ffeb049e000 	C:\WINDOWS\System32\msvcrt.dll
0x00007ffeafec0000 - 0x00007ffeaff5b000 	C:\WINDOWS\System32\sechost.dll
0x00007ffeb09a0000 - 0x00007ffeb0aca000 	C:\WINDOWS\System32\RPCRT4.dll
0x00007ffeafbd0000 - 0x00007ffeafd71000 	C:\WINDOWS\System32\USER32.dll
0x00007ffe9d450000 - 0x00007ffe9d6ea000 	C:\WINDOWS\WinSxS\amd64_microsoft.windows.common-controls_6595b64144ccf1df_6.0.19041.1110_none_60b5254171f9507e\COMCTL32.dll
0x00007ffeae920000 - 0x00007ffeae942000 	C:\WINDOWS\System32\win32u.dll
0x00007ffeafad0000 - 0x00007ffeafafb000 	C:\WINDOWS\System32\GDI32.dll
0x00007ffeae540000 - 0x00007ffeae64b000 	C:\WINDOWS\System32\gdi32full.dll
0x00007ffeaec00000 - 0x00007ffeaec9d000 	C:\WINDOWS\System32\msvcp_win.dll
0x00007ffea19d0000 - 0x00007ffea19da000 	C:\WINDOWS\SYSTEM32\VERSION.dll
0x00007ffeaf440000 - 0x00007ffeaf470000 	C:\WINDOWS\System32\IMM32.DLL
0x00007ffea0010000 - 0x00007ffea001c000 	C:\Program Files\Java\jdk-15.0.2\bin\vcruntime140_1.dll
0x00007ffe90bc0000 - 0x00007ffe90c51000 	C:\Program Files\Java\jdk-15.0.2\bin\msvcp140.dll
0x00007ffe70730000 - 0x00007ffe7128e000 	C:\Program Files\Java\jdk-15.0.2\bin\server\jvm.dll
0x00007ffeb0c00000 - 0x00007ffeb0c08000 	C:\WINDOWS\System32\PSAPI.DLL
0x00007ffea16f0000 - 0x00007ffea1717000 	C:\WINDOWS\SYSTEM32\WINMM.dll
0x00007ffe9af40000 - 0x00007ffe9af49000 	C:\WINDOWS\SYSTEM32\WSOCK32.dll
0x00007ffeb0b90000 - 0x00007ffeb0bfb000 	C:\WINDOWS\System32\WS2_32.dll
0x00007ffeacf00000 - 0x00007ffeacf12000 	C:\WINDOWS\SYSTEM32\kernel.appcore.dll
0x00007ffea9360000 - 0x00007ffea936a000 	C:\Program Files\Java\jdk-15.0.2\bin\jimage.dll
0x00007ffe9a9a0000 - 0x00007ffe9ab84000 	C:\WINDOWS\SYSTEM32\DBGHELP.DLL
0x00007ffe9a970000 - 0x00007ffe9a99c000 	C:\WINDOWS\SYSTEM32\dbgcore.DLL
0x00007ffeae4b0000 - 0x00007ffeae533000 	C:\WINDOWS\System32\bcryptPrimitives.dll
0x00007ffe9ff40000 - 0x00007ffe9ff65000 	C:\Program Files\Java\jdk-15.0.2\bin\java.dll

dbghelp: loaded successfully - version: 4.0.5 - missing functions: none
symbol engine: initialized successfully - sym options: 0x614 - pdb path: .;C:\Program Files\Java\jdk-15.0.2\bin;C:\WINDOWS\SYSTEM32;C:\WINDOWS\WinSxS\amd64_microsoft.windows.common-controls_6595b64144ccf1df_6.0.19041.1110_none_60b5254171f9507e;C:\Program Files\Java\jdk-15.0.2\bin\server

VM Arguments:
jvm_args: -Dcom.sun.management.jmxremote -Dcom.sun.management.jmxremote.port=51587 -Dcom.sun.management.jmxremote.authenticate=false -Dcom.sun.management.jmxremote.ssl=false -Djava.rmi.server.hostname=localhost -Dspring.jmx.enabled=true -Dspring.application.admin.enabled=true -XX:TieredStopAtLevel=1 -Dspring.boot.project.name=LibrarySystem_Backend -Dfile.encoding=Cp1252 -XX:+ShowCodeDetailsInExceptionMessages 
java_command: ca.mcgill.ecse321.librarysystem.LibrarySystemApplication
java_class_path (initial): C:\Users\Owner\Documents\GitHub\project-group-23\LibrarySystem_Backend\bin\main;C:\Users\Owner\.gradle\caches\modules-2\files-2.1\org.springframework.boot\spring-boot-starter-data-jpa\2.5.5\5ec66dab8ad9dead3322e21d1bfafe29da89f360\spring-boot-starter-data-jpa-2.5.5.jar;C:\Users\Owner\.gradle\caches\modules-2\files-2.1\org.springframework.boot\spring-boot-starter-web\2.5.5\c09bf133d22c865d6ce4d67ff48aece7ff1defb1\spring-boot-starter-web-2.5.5.jar;C:\Users\Owner\.gradle\caches\modules-2\files-2.1\org.springframework.boot\spring-boot-starter-aop\2.5.5\25b36a03046a5262089d1167e29086a62afd2e9f\spring-boot-starter-aop-2.5.5.jar;C:\Users\Owner\.gradle\caches\modules-2\files-2.1\org.springframework.boot\spring-boot-starter-jdbc\2.5.5\937cf9e02eeefa8f2e4c4dade226e5c4482c3207\spring-boot-starter-jdbc-2.5.5.jar;C:\Users\Owner\.gradle\caches\modules-2\files-2.1\jakarta.transaction\jakarta.transaction-api\1.3.3\c4179d48720a1e87202115fbed6089bdc4195405\jakarta.transaction-api-1.3.3.jar;C:\Users\Owner\.gradle\caches\modules-2\files-2.1\jakarta.persistence\jakarta.persistence-api\2.2.3\8f6ea5daedc614f07a3654a455660145286f024e\jakarta.persistence-api-2.2.3.jar;C:\Users\Owner\.gradle\caches\modules-2\files-2.1\org.hibernate\hibernate-core\5.4.32.Final\99a5e10bf455337014c190e141ec631e9ff71663\hibernate-core-5.4.32.Final.jar;C:\Users\Owner\.gradle\caches\modules-2\files-2.1\org.springframework.data\spring-data-jpa\2.5.5\a1ad7a3a0b7f97ad59a77ec16dac63e58ae938db\spring-data-jpa-2.5.5.jar;C:\Users\Owner\.gradle\caches\modules-2\files-2.1\org.springframework\spring-aspects\5.3.10\74cb456f1f3066ba3c83df516be856dc17e2ea86\spring-aspects-5.3.10.jar;C:\Users\Owner\.gradle\caches\modules-2\files-2.1\org.springframework.boot\spring-boot-starter-json\2.5.5\11923b2b5ca33c6c849952ed1bd47a77c9ec0a85\spring-boot-starter-json-2.5.5.jar;C:\Users\Owner\.gradle\caches\modules-2\files-2.1\org.springframework.boot\spring-boot-starter\2.5.5\8657d6f1f00002e8a839fc35fe2f2cd7fc09b7
Launcher Type: SUN_STANDARD

[Global flags]
     intx CICompilerCount                          = 3                                         {product} {ergonomic}
     uint ConcGCThreads                            = 1                                         {product} {ergonomic}
     uint G1ConcRefinementThreads                  = 4                                         {product} {ergonomic}
   size_t G1HeapRegionSize                         = 1048576                                   {product} {ergonomic}
    uintx GCDrainStackTargetSize                   = 64                                        {product} {ergonomic}
   size_t InitialHeapSize                          = 130023424                                 {product} {ergonomic}
     bool ManagementServer                         = true                                      {product} {command line}
   size_t MarkStackSize                            = 4194304                                   {product} {ergonomic}
   size_t MaxHeapSize                              = 2069889024                                {product} {ergonomic}
   size_t MinHeapDeltaBytes                        = 1048576                                   {product} {ergonomic}
   size_t MinHeapSize                              = 8388608                                   {product} {ergonomic}
    uintx NonNMethodCodeHeapSize                   = 6973028                                {pd product} {ergonomic}
    uintx NonProfiledCodeHeapSize                  = 244685212                              {pd product} {ergonomic}
    uintx ProfiledCodeHeapSize                     = 0                                      {pd product} {ergonomic}
    uintx ReservedCodeCacheSize                    = 251658240                              {pd product} {ergonomic}
     bool SegmentedCodeCache                       = true                                      {product} {ergonomic}
     bool ShowCodeDetailsInExceptionMessages       = true                                   {manageable} {command line}
   size_t SoftMaxHeapSize                          = 2069889024                             {manageable} {ergonomic}
     intx TieredStopAtLevel                        = 1                                         {product} {command line}
     bool UseCompressedClassPointers               = true                                 {lp64_product} {ergonomic}
     bool UseCompressedOops                        = true                                 {lp64_product} {ergonomic}
     bool UseG1GC                                  = true                                      {product} {ergonomic}
     bool UseLargePagesIndividualAllocation        = false                                  {pd product} {ergonomic}

Logging:
Log output configuration:
 #0: stdout all=warning uptime,level,tags
 #1: stderr all=off uptime,level,tags

Environment Variables:
PATH=C:/Program Files/Java/jdk-15.0.2/bin/server;C:/Program Files/Java/jdk-15.0.2/bin;C:\Program Files (x86)\VMware\VMware Player\bin\;C:\Program Files\Common Files\Oracle\Java\javapath;C:\Program Files (x86)\Common Files\Oracle\Java\javapath;C:\Program Files (x86)\NVIDIA Corporation\PhysX\Common;C:\WINDOWS\system32;C:\WINDOWS;C:\WINDOWS\System32\Wbem;C:\WINDOWS\System32\WindowsPowerShell\v1.0\;C:\WINDOWS\System32\OpenSSH\;C:\Program Files (x86)\Intel\Intel(R) Management Engine Components\DAL;C:\Program Files\Intel\Intel(R) Management Engine Components\DAL;C:\MinGW\bin;C:\Gradle\gradle-7.2\bin;C:\spring-boot-cli-2.5.4-bin\spring-2.5.4\bin;C:\Program Files\heroku\bin;C:\Program Files\PostgreSQL\9.6\bin;C:\Program Files\nodejs\;C:\Users\Owner\AppData\Local\Programs\Python\Python39\Scripts\;C:\Users\Owner\AppData\Local\Programs\Python\Python39\;C:\Users\Owner\AppData\Local\Microsoft\WindowsApps;C:\Users\Owner\AppData\Local\GitHubDesktop\bin;C:\Users\Owner\AppData\Local\Programs\Microsoft VS Code\bin;C:\Users\Owner\AppData\Local\Programs\Git\cmd;C:\src\flutter\flutter\bin;C:\Users\Owner\AppData\Roaming\npm;C:\Users\Owner\modeling_tools\eclipse;
USERNAME=Owner
OS=Windows_NT
PROCESSOR_IDENTIFIER=Intel64 Family 6 Model 61 Stepping 4, GenuineIntel



---------------  S Y S T E M  ---------------

OS:
 Windows 10 , 64 bit Build 19041 (10.0.19041.1348)
OS uptime: 0 days 12:33 hours

CPU: total 4 (initial active 4) (2 cores per cpu, 2 threads per core) family 6 model 61 stepping 4 microcode 0x2d, cmov, cx8, fxsr, mmx, sse, sse2, sse3, ssse3, sse4.1, sse4.2, popcnt, vzeroupper, avx, avx2, aes, clmul, erms, rtm, 3dnowpref, lzcnt, ht, tsc, tscinvbit, bmi1, bmi2, adx, fma, clflush

Memory: 4k page, system-wide physical 7888M (712M free)
TotalPageFile size 7888M (AvailPageFile size 40M)
current process WorkingSet (physical memory assigned to process): 10M, peak: 10M
current process commit charge ("private bytes"): 49M, peak: 173M

vm_info: Java HotSpot(TM) 64-Bit Server VM (15.0.2+7-27) for windows-amd64 JRE (15.0.2+7-27), built on Dec  7 2020 20:07:01 by "mach5one" with unknown MS VC++:1925

END.
